<?xml version="1.0" encoding="UTF-8"?>
<!-- Generated by org.testng.reporters.JUnitReportReporter -->
<testsuite hostname="TRD-LAP-037" failures="0" tests="1" name="pack1.AmazonTestNG" time="86.057" errors="0" timestamp="23 Nov 2022 09:36:47 GMT">
  <testcase classname="pack1.AmazonTestNG" name="AmazonWebsite" time="86.057"/>
</testsuite> <!-- pack1.AmazonTestNG -->
