<?xml version="1.0" encoding="UTF-8"?>
<!-- Generated by org.testng.reporters.JUnitReportReporter -->
<testsuite hostname="TRD-LAP-037" failures="0" tests="1" name="dataDriven.BetaLogin4TestNG" time="237.874" errors="0" timestamp="23 Nov 2022 09:46:27 GMT">
  <testcase classname="dataDriven.BetaLogin4TestNG" name="BetaLogin" time="237.874"/>
</testsuite> <!-- dataDriven.BetaLogin4TestNG -->
