<?xml version="1.0" encoding="UTF-8"?>
<!-- Generated by org.testng.reporters.JUnitReportReporter -->
<testsuite hostname="TRD-LAP-037" failures="0" tests="1" name="pack1.ExtentRepDemo" time="6.140" errors="0" timestamp="2023-11-07T18:02:13 IST" skipped="0">
  <testcase classname="pack1.ExtentRepDemo" name="verifyBlogTitle" time="6.140"/>
  <system-out/>
</testsuite> <!-- pack1.ExtentRepDemo -->
